This is pdfTeX, Version 3.141592653-2.6-1.40.29 (MiKTeX 26.2) (preloaded format=pdflatex 2026.4.26)  27 APR 2026 21:41
entering extended mode
 restricted \write18 enabled.
 %&-line parsing enabled.
**./main.tex
(main.tex
LaTeX2e <2025-11-01>
L3 programming layer <2026-03-20>
(C:\Users\herie\AppData\Local\Programs\MiKTeX\tex/latex/base\article.cls
Document Class: article 2025/01/22 v1.4n Standard LaTeX document class
(C:\Users\herie\AppData\Local\Programs\MiKTeX\tex/latex/base\size11.clo
File: size11.clo 2025/01/22 v1.4n Standard LaTeX file (size option)
)
\c@part=\count275
\c@section=\count276
\c@subsection=\count277
\c@subsubsection=\count278
\c@paragraph=\count279
\c@subparagraph=\count280
\c@figure=\count281
\c@table=\count282
\abovecaptionskip=\skip49
\belowcaptionskip=\skip50
\bibindent=\dimen150
)
(C:\Users\herie\AppData\Local\Programs\MiKTeX\tex/latex/geometry\geometry.sty
Package: geometry 2026/03/07 v6.0 Page Geometry

(C:\Users\herie\AppData\Local\Programs\MiKTeX\tex/latex/graphics\keyval.sty
Package: keyval 2022/05/29 v1.15 key=value parser (DPC)
\KV@toks@=\toks17
)
(C:\Users\herie\AppData\Local\Programs\MiKTeX\tex/generic/iftex\ifvtex.sty
Package: ifvtex 2019/10/25 v1.7 ifvtex legacy package. Use iftex instead.

(C:\Users\herie\AppData\Local\Programs\MiKTeX\tex/generic/iftex\iftex.sty
Package: iftex 2024/12/12 v1.0g TeX engine tests
))
\Gm@cnth=\count283
\Gm@cntv=\count284
\c@Gm@tempcnt=\count285
\Gm@bindingoffset=\dimen151
\Gm@wd@mp=\dimen152
\Gm@odd@mp=\dimen153
\Gm@even@mp=\dimen154
\Gm@layoutwidth=\dimen155
\Gm@layoutheight=\dimen156
\Gm@layouthoffset=\dimen157
\Gm@layoutvoffset=\dimen158
\Gm@dimlist=\toks18

(C:\Users\herie\AppData\Local\Programs\MiKTeX\tex/latex/geometry\geometry.cfg))
(C:\Users\herie\AppData\Local\Programs\MiKTeX\tex/latex/graphics\graphicx.sty
Package: graphicx 2024/12/31 v1.2e Enhanced LaTeX Graphics (DPC,SPQR)

(C:\Users\herie\AppData\Local\Programs\MiKTeX\tex/latex/graphics\graphics.sty
Package: graphics 2024/08/06 v1.4g Standard LaTeX Graphics (DPC,SPQR)

(C:\Users\herie\AppData\Local\Programs\MiKTeX\tex/latex/graphics\trig.sty
Package: trig 2023/12/02 v1.11 sin cos tan (DPC)
)
(C:\Users\herie\AppData\Local\Programs\MiKTeX\tex/latex/graphics-cfg\graphics.c
fg
File: graphics.cfg 2016/06/04 v1.11 sample graphics configuration
)
Package graphics Info: Driver file: pdftex.def on input line 106.

(C:\Users\herie\AppData\Local\Programs\MiKTeX\tex/latex/graphics-def\pdftex.def
File: pdftex.def 2025/09/29 v1.2d Graphics/color driver for pdftex
))
\Gin@req@height=\dimen159
\Gin@req@width=\dimen160
)
(C:\Users\herie\AppData\Local\Programs\MiKTeX\tex/latex/booktabs\booktabs.sty
Package: booktabs 2020/01/12 v1.61803398 Publication quality tables
\heavyrulewidth=\dimen161
\lightrulewidth=\dimen162
\cmidrulewidth=\dimen163
\belowrulesep=\dimen164
\belowbottomsep=\dimen165
\aboverulesep=\dimen166
\abovetopsep=\dimen167
\cmidrulesep=\dimen168
\cmidrulekern=\dimen169
\defaultaddspace=\dimen170
\@cmidla=\count286
\@cmidlb=\count287
\@aboverulesep=\dimen171
\@belowrulesep=\dimen172
\@thisruleclass=\count288
\@lastruleclass=\count289
\@thisrulewidth=\dimen173
)
(C:\Users\herie\AppData\Local\Programs\MiKTeX\tex/latex/tools\longtable.sty
Package: longtable 2025-10-13 v4.24 Multi-page Table package (DPC)
\LTleft=\skip51
\LTright=\skip52
\LTpre=\skip53
\LTpost=\skip54
\LTchunksize=\count290
\LTcapwidth=\dimen174
\LT@head=\box53
\LT@firsthead=\box54
\LT@foot=\box55
\LT@lastfoot=\box56
\LT@gbox=\box57
\LT@cols=\count291
\LT@rows=\count292
\c@LT@tables=\count293
\c@LT@chunks=\count294
\LT@p@ftn=\toks19
)
(C:\Users\herie\AppData\Local\Programs\MiKTeX\tex/latex/amsmath\amsmath.sty
Package: amsmath 2025/07/09 v2.17z AMS math features
\@mathmargin=\skip55

For additional information on amsmath, use the `?' option.
(C:\Users\herie\AppData\Local\Programs\MiKTeX\tex/latex/amsmath\amstext.sty
Package: amstext 2024/11/17 v2.01 AMS text

(C:\Users\herie\AppData\Local\Programs\MiKTeX\tex/latex/amsmath\amsgen.sty
File: amsgen.sty 1999/11/30 v2.0 generic functions
\@emptytoks=\toks20
\ex@=\dimen175
))
(C:\Users\herie\AppData\Local\Programs\MiKTeX\tex/latex/amsmath\amsbsy.sty
Package: amsbsy 1999/11/29 v1.2d Bold Symbols
\pmbraise@=\dimen176
)
(C:\Users\herie\AppData\Local\Programs\MiKTeX\tex/latex/amsmath\amsopn.sty
Package: amsopn 2022/04/08 v2.04 operator names
)
\inf@bad=\count295
LaTeX Info: Redefining \frac on input line 233.
\uproot@=\count296
\leftroot@=\count297
LaTeX Info: Redefining \overline on input line 398.
LaTeX Info: Redefining \colon on input line 409.
\classnum@=\count298
\DOTSCASE@=\count299
LaTeX Info: Redefining \ldots on input line 495.
LaTeX Info: Redefining \dots on input line 498.
LaTeX Info: Redefining \cdots on input line 619.
\Mathstrutbox@=\box58
\strutbox@=\box59
LaTeX Info: Redefining \big on input line 721.
LaTeX Info: Redefining \Big on input line 722.
LaTeX Info: Redefining \bigg on input line 723.
LaTeX Info: Redefining \Bigg on input line 724.
\big@size=\dimen177
LaTeX Font Info:    Redeclaring font encoding OML on input line 742.
LaTeX Font Info:    Redeclaring font encoding OMS on input line 743.
\macc@depth=\count300
LaTeX Info: Redefining \bmod on input line 904.
LaTeX Info: Redefining \pmod on input line 909.
LaTeX Info: Redefining \smash on input line 939.
LaTeX Info: Redefining \relbar on input line 969.
LaTeX Info: Redefining \Relbar on input line 970.
\c@MaxMatrixCols=\count301
\dotsspace@=\muskip17
\c@parentequation=\count302
\dspbrk@lvl=\count303
\tag@help=\toks21
\row@=\count304
\column@=\count305
\maxfields@=\count306
\andhelp@=\toks22
\eqnshift@=\dimen178
\alignsep@=\dimen179
\tagshift@=\dimen180
\tagwidth@=\dimen181
\totwidth@=\dimen182
\lineht@=\dimen183
\@envbody=\toks23
\multlinegap=\skip56
\multlinetaggap=\skip57
\mathdisplay@stack=\toks24
LaTeX Info: Redefining \[ on input line 2950.
LaTeX Info: Redefining \] on input line 2951.
)
(C:\Users\herie\AppData\Local\Programs\MiKTeX\tex/latex/hyperref\hyperref.sty
Package: hyperref 2026-01-29 v7.01p Hypertext links for LaTeX

(C:\Users\herie\AppData\Local\Programs\MiKTeX\tex/latex/kvsetkeys\kvsetkeys.sty
Package: kvsetkeys 2022-10-05 v1.19 Key value parser (HO)
)
(C:\Users\herie\AppData\Local\Programs\MiKTeX\tex/generic/kvdefinekeys\kvdefine
keys.sty
Package: kvdefinekeys 2019-12-19 v1.6 Define keys (HO)
)
(C:\Users\herie\AppData\Local\Programs\MiKTeX\tex/generic/pdfescape\pdfescape.s
ty
Package: pdfescape 2019/12/09 v1.15 Implements pdfTeX's escape features (HO)

(C:\Users\herie\AppData\Local\Programs\MiKTeX\tex/generic/ltxcmds\ltxcmds.sty
Package: ltxcmds 2023-12-04 v1.26 LaTeX kernel commands for general use (HO)
)
(C:\Users\herie\AppData\Local\Programs\MiKTeX\tex/generic/pdftexcmds\pdftexcmds
.sty
Package: pdftexcmds 2020-06-27 v0.33 Utility functions of pdfTeX for LuaTeX (HO
)

(C:\Users\herie\AppData\Local\Programs\MiKTeX\tex/generic/infwarerr\infwarerr.s
ty
Package: infwarerr 2019/12/03 v1.5 Providing info/warning/error messages (HO)
)
Package pdftexcmds Info: \pdf@primitive is available.
Package pdftexcmds Info: \pdf@ifprimitive is available.
Package pdftexcmds Info: \pdfdraftmode found.
))
(C:\Users\herie\AppData\Local\Programs\MiKTeX\tex/latex/hycolor\hycolor.sty
Package: hycolor 2020-01-27 v1.10 Color options for hyperref/bookmark (HO)
)
(C:\Users\herie\AppData\Local\Programs\MiKTeX\tex/latex/hyperref\nameref.sty
Package: nameref 2026-01-29 v2.58 Cross-referencing by name of section

(C:\Users\herie\AppData\Local\Programs\MiKTeX\tex/latex/refcount\refcount.sty
Package: refcount 2019/12/15 v3.6 Data extraction from label references (HO)
)
(C:\Users\herie\AppData\Local\Programs\MiKTeX\tex/generic/gettitlestring\gettit
lestring.sty
Package: gettitlestring 2019/12/15 v1.6 Cleanup title references (HO)

(C:\Users\herie\AppData\Local\Programs\MiKTeX\tex/latex/kvoptions\kvoptions.sty
Package: kvoptions 2022-06-15 v3.15 Key value format for package options (HO)
))
\c@section@level=\count307
)
(C:\Users\herie\AppData\Local\Programs\MiKTeX\tex/latex/etoolbox\etoolbox.sty
Package: etoolbox 2025/10/02 v2.5m e-TeX tools for LaTeX (JAW)
\etb@tempcnta=\count308
)
(C:\Users\herie\AppData\Local\Programs\MiKTeX\tex/generic/stringenc\stringenc.s
ty
Package: stringenc 2019/11/29 v1.12 Convert strings between diff. encodings (HO
)
)
\@linkdim=\dimen184
\Hy@linkcounter=\count309
\Hy@pagecounter=\count310
 (C:\Users\herie\AppData\Local\Programs\MiKTeX\tex/latex/hyperref\pd1enc.def
File: pd1enc.def 2026-01-29 v7.01p Hyperref: PDFDocEncoding definition (HO)
Now handling font encoding PD1 ...
... no UTF-8 mapping file for font encoding PD1
) (C:\Users\herie\AppData\Local\Programs\MiKTeX\tex/generic/intcalc\intcalc.sty
Package: intcalc 2019/12/15 v1.3 Expandable calculations with integers (HO)
)
\Hy@SavedSpaceFactor=\count311
 (C:\Users\herie\AppData\Local\Programs\MiKTeX\tex/latex/hyperref\puenc.def
File: puenc.def 2026-01-29 v7.01p Hyperref: PDF Unicode definition (HO)
Now handling font encoding PU ...
... no UTF-8 mapping file for font encoding PU
)
Package hyperref Info: Hyper figures OFF on input line 4201.
Package hyperref Info: Link nesting OFF on input line 4206.
Package hyperref Info: Hyper index ON on input line 4209.
Package hyperref Info: Plain pages OFF on input line 4216.
Package hyperref Info: Backreferencing OFF on input line 4221.
Package hyperref Info: Implicit mode ON; LaTeX internals redefined.
Package hyperref Info: Bookmarks ON on input line 4468.
\c@Hy@tempcnt=\count312

(C:\Users\herie\AppData\Local\Programs\MiKTeX\tex/latex/url\url.sty
\Urlmuskip=\muskip18
Package: url 2013/09/16  ver 3.4  Verb mode for urls, etc.
)
LaTeX Info: Redefining \url on input line 4807.
\XeTeXLinkMargin=\dimen185

(C:\Users\herie\AppData\Local\Programs\MiKTeX\tex/generic/bitset\bitset.sty
Package: bitset 2019/12/09 v1.3 Handle bit-vector datatype (HO)

(C:\Users\herie\AppData\Local\Programs\MiKTeX\tex/generic/bigintcalc\bigintcalc
.sty
Package: bigintcalc 2019/12/15 v1.5 Expandable calculations on big integers (HO
)
))
\Fld@menulength=\count313
\Field@Width=\dimen186
\Fld@charsize=\dimen187
Package hyperref Info: Hyper figures OFF on input line 6084.
Package hyperref Info: Link nesting OFF on input line 6089.
Package hyperref Info: Hyper index ON on input line 6092.
Package hyperref Info: backreferencing OFF on input line 6099.
Package hyperref Info: Link coloring OFF on input line 6104.
Package hyperref Info: Link coloring with OCG OFF on input line 6109.
Package hyperref Info: PDF/A mode OFF on input line 6114.
\Hy@abspage=\count314
\c@Item=\count315
\c@Hfootnote=\count316
)
Package hyperref Info: Driver (autodetected): hpdftex.

(C:\Users\herie\AppData\Local\Programs\MiKTeX\tex/latex/hyperref\hpdftex.def
File: hpdftex.def 2026-01-29 v7.01p Hyperref driver for pdfTeX
\Fld@listcount=\count317
\c@bookmark@seq@number=\count318

(C:\Users\herie\AppData\Local\Programs\MiKTeX\tex/latex/rerunfilecheck\rerunfil
echeck.sty
Package: rerunfilecheck 2025-06-21 v1.11 Rerun checks for auxiliary files (HO)

(C:\Users\herie\AppData\Local\Programs\MiKTeX\tex/generic/uniquecounter\uniquec
ounter.sty
Package: uniquecounter 2019/12/15 v1.4 Provide unlimited unique counter (HO)
)
Package uniquecounter Info: New unique counter `rerunfilecheck' on input line 2
84.
)
\Hy@SectionHShift=\skip58
)
(C:\Users\herie\AppData\Local\Programs\MiKTeX\tex/latex/float\float.sty
Package: float 2001/11/08 v1.3d Float enhancements (AL)
\c@float@type=\count319
\float@exts=\toks25
\float@box=\box60
\@float@everytoks=\toks26
\@floatcapt=\box61
)
(C:\Users\herie\AppData\Local\Programs\MiKTeX\tex/latex/l3backend\l3backend-pdf
tex.def
File: l3backend-pdftex.def 2026-02-18 L3 backend support: PDF output (pdfTeX)
\l__color_backend_stack_int=\count320
) (main.aux)
\openout1 = `main.aux'.

LaTeX Font Info:    Checking defaults for OML/cmm/m/it on input line 11.
LaTeX Font Info:    ... okay on input line 11.
LaTeX Font Info:    Checking defaults for OMS/cmsy/m/n on input line 11.
LaTeX Font Info:    ... okay on input line 11.
LaTeX Font Info:    Checking defaults for OT1/cmr/m/n on input line 11.
LaTeX Font Info:    ... okay on input line 11.
LaTeX Font Info:    Checking defaults for T1/cmr/m/n on input line 11.
LaTeX Font Info:    ... okay on input line 11.
LaTeX Font Info:    Checking defaults for TS1/cmr/m/n on input line 11.
LaTeX Font Info:    ... okay on input line 11.
LaTeX Font Info:    Checking defaults for OMX/cmex/m/n on input line 11.
LaTeX Font Info:    ... okay on input line 11.
LaTeX Font Info:    Checking defaults for U/cmr/m/n on input line 11.
LaTeX Font Info:    ... okay on input line 11.
LaTeX Font Info:    Checking defaults for PD1/pdf/m/n on input line 11.
LaTeX Font Info:    ... okay on input line 11.
LaTeX Font Info:    Checking defaults for PU/pdf/m/n on input line 11.
LaTeX Font Info:    ... okay on input line 11.

*geometry* driver: auto-detecting
*geometry* detected driver: pdftex
*geometry* verbose mode - [ preamble ] result:
* driver: pdftex
* paper: <default>
* layout: <same size as paper>
* layoutoffset:(h,v)=(0.0pt,0.0pt)
* modes: 
* h-part:(L,W,R)=(72.26999pt, 469.75502pt, 72.26999pt)
* v-part:(T,H,B)=(72.26999pt, 650.43001pt, 72.26999pt)
* \paperwidth=614.295pt
* \paperheight=794.96999pt
* \textwidth=469.75502pt
* \textheight=650.43001pt
* \oddsidemargin=0.0pt
* \evensidemargin=0.0pt
* \topmargin=-37.0pt
* \headheight=12.0pt
* \headsep=25.0pt
* \topskip=11.0pt
* \footskip=30.0pt
* \marginparwidth=59.0pt
* \marginparsep=10.0pt
* \columnsep=10.0pt
* \skip\footins=10.0pt plus 4.0pt minus 2.0pt
* \hoffset=0.0pt
* \voffset=0.0pt
* \mag=1000
* \@twocolumnfalse
* \@twosidefalse
* \@mparswitchfalse
* \@reversemarginfalse
* (1in=72.27pt=25.4mm, 1cm=28.453pt)


(C:\Users\herie\AppData\Local\Programs\MiKTeX\tex/context/base/mkii\supp-pdf.mk
ii
[Loading MPS to PDF converter (version 2006.09.02).]
\scratchcounter=\count321
\scratchdimen=\dimen188
\scratchbox=\box62
\nofMPsegments=\count322
\nofMParguments=\count323
\everyMPshowfont=\toks27
\MPscratchCnt=\count324
\MPscratchDim=\dimen189
\MPnumerator=\count325
\makeMPintoPDFobject=\count326
\everyMPtoPDFconversion=\toks28
)
(C:\Users\herie\AppData\Local\Programs\MiKTeX\tex/latex/epstopdf-pkg\epstopdf-b
ase.sty
Package: epstopdf-base 2020-01-24 v2.11 Base part for package epstopdf
Package epstopdf-base Info: Redefining graphics rule for `.eps' on input line 4
85.

(C:\Users\herie\AppData\Local\Programs\MiKTeX\tex/latex/00miktex\epstopdf-sys.c
fg
File: epstopdf-sys.cfg 2021/03/18 v2.0 Configuration of epstopdf for MiKTeX
))
Package hyperref Info: Link coloring OFF on input line 11.
 (main.out) (main.out)
\@outlinefile=\write3
\openout3 = `main.out'.



LaTeX Warning: No \author given.


Overfull \hbox (9.36389pt too wide) in paragraph at lines 21--22
\OT1/cmr/m/n/10.95 El an^^Salisis prin-ci-pal usa la con-fig-u-raci^^Son \OT1/c
mtt/m/n/10.95 orbital[]pca2[]cubes10[]overlap0p35 \OT1/cmr/m/n/10.95 ya con-str
u-ida. Cuando
 []


Overfull \hbox (164.35893pt too wide) in paragraph at lines 21--22
\OT1/cmr/m/n/10.95 hay ar-ti-facts disponibles, tambi^^Sen se re-sumen \OT1/cmt
t/m/n/10.95 phys[]min[]pca2[]cubes10[]overlap0p35\OT1/cmr/m/n/10.95 , \OT1/cmtt
/m/n/10.95 joint[]no[]density[]pca2[]cubes10[]overlap0p35\OT1/cmr/m/n/10.95 ,
 []

[1

{C:/Users/herie/AppData/Local/MiKTeX/fonts/map/pdftex/pdftex.map}]
<../../outputs/observational_bias_audit/figures/orbital_graph_by_dominant_disco
very_method.pdf, id=60, 814.7641pt x 530.4668pt>
File: ../../outputs/observational_bias_audit/figures/orbital_graph_by_dominant_
discovery_method.pdf Graphic file (type pdf)
<use ../../outputs/observational_bias_audit/figures/orbital_graph_by_dominant_d
iscovery_method.pdf>
Package pdftex.def Info: ../../outputs/observational_bias_audit/figures/orbital
_graph_by_dominant_discovery_method.pdf  used on input line 53.
(pdftex.def)             Requested size: 422.77664pt x 275.25343pt.
<../../outputs/observational_bias_audit/figures/orbital_graph_by_method_purity.
pdf, id=61, 642.77916pt x 530.4668pt>
File: ../../outputs/observational_bias_audit/figures/orbital_graph_by_method_pu
rity.pdf Graphic file (type pdf)
<use ../../outputs/observational_bias_audit/figures/orbital_graph_by_method_pur
ity.pdf>
Package pdftex.def Info: ../../outputs/observational_bias_audit/figures/orbital
_graph_by_method_purity.pdf  used on input line 59.
(pdftex.def)             Requested size: 422.77664pt x 348.91931pt.
 [2
pdfTeX warning (ext4): destination with the same identifier (name{figure.1}) ha
s been already used, duplicate ignored
<argument> ...shipout:D \box_use:N \l_shipout_box 
                                                  \__shipout_drop_firstpage_...
l.62 
      <../../outputs/observational_bias_audit/figures/orbital_graph_by_dominant
_discovery_method.pdf>]
<../../outputs/observational_bias_audit/figures/orbital_graph_by_method_entropy
.pdf, id=95, 642.77916pt x 530.4668pt>
File: ../../outputs/observational_bias_audit/figures/orbital_graph_by_method_en
tropy.pdf Graphic file (type pdf)
<use ../../outputs/observational_bias_audit/figures/orbital_graph_by_method_ent
ropy.pdf>
Package pdftex.def Info: ../../outputs/observational_bias_audit/figures/orbital
_graph_by_method_entropy.pdf  used on input line 65.
(pdftex.def)             Requested size: 422.77664pt x 348.91931pt.
 [3
pdfTeX warning (ext4): destination with the same identifier (name{figure.2}) ha
s been already used, duplicate ignored
<argument> ...shipout:D \box_use:N \l_shipout_box 
                                                  \__shipout_drop_firstpage_...
l.68 
      <../../outputs/observational_bias_audit/figures/orbital_graph_by_method_p
urity.pdf>]
<../../outputs/observational_bias_audit/figures/orbital_node_method_fraction_he
atmap.pdf, id=136, 738.22351pt x 639.0709pt>
File: ../../outputs/observational_bias_audit/figures/orbital_node_method_fracti
on_heatmap.pdf Graphic file (type pdf)
<use ../../outputs/observational_bias_audit/figures/orbital_node_method_fractio
n_heatmap.pdf>
Package pdftex.def Info: ../../outputs/observational_bias_audit/figures/orbital
_node_method_fraction_heatmap.pdf  used on input line 71.
(pdftex.def)             Requested size: 422.77664pt x 365.99045pt.
 [4
pdfTeX warning (ext4): destination with the same identifier (name{figure.3}) ha
s been already used, duplicate ignored
<argument> ...shipout:D \box_use:N \l_shipout_box 
                                                  \__shipout_drop_firstpage_...
l.74 
      <../../outputs/observational_bias_audit/figures/orbital_graph_by_method_e
ntropy.pdf>]
<../../outputs/observational_bias_audit/figures/orbital_permutation_null_nmi.pd
f, id=174, 496.04382pt x 338.61507pt>
File: ../../outputs/observational_bias_audit/figures/orbital_permutation_null_n
mi.pdf Graphic file (type pdf)
<use ../../outputs/observational_bias_audit/figures/orbital_permutation_null_nm
i.pdf>
Package pdftex.def Info: ../../outputs/observational_bias_audit/figures/orbital
_permutation_null_nmi.pdf  used on input line 77.
(pdftex.def)             Requested size: 352.31625pt x 240.50621pt.
 [5
pdfTeX warning (ext4): destination with the same identifier (name{figure.4}) ha
s been already used, duplicate ignored
<argument> ...shipout:D \box_use:N \l_shipout_box 
                                                  \__shipout_drop_firstpage_...
l.80 
      <../../outputs/observational_bias_audit/figures/orbital_node_method_fract
ion_heatmap.pdf>]
<../../outputs/observational_bias_audit/figures/orbital_purity_vs_imputation.pd
f, id=232, 471.52097pt x 366.43903pt>
File: ../../outputs/observational_bias_audit/figures/orbital_purity_vs_imputati
on.pdf Graphic file (type pdf)
<use ../../outputs/observational_bias_audit/figures/orbital_purity_vs_imputatio
n.pdf>
Package pdftex.def Info: ../../outputs/observational_bias_audit/figures/orbital
_purity_vs_imputation.pdf  used on input line 83.
(pdftex.def)             Requested size: 352.31625pt x 273.81096pt.
<../../outputs/observational_bias_audit/figures/orbital_purity_vs_node_size.pdf
, id=233, 471.52097pt x 366.43903pt>
File: ../../outputs/observational_bias_audit/figures/orbital_purity_vs_node_siz
e.pdf Graphic file (type pdf)
<use ../../outputs/observational_bias_audit/figures/orbital_purity_vs_node_size
.pdf>
Package pdftex.def Info: ../../outputs/observational_bias_audit/figures/orbital
_purity_vs_node_size.pdf  used on input line 89.
(pdftex.def)             Requested size: 352.31625pt x 273.81096pt.
 [6
pdfTeX warning (ext4): destination with the same identifier (name{figure.5}) ha
s been already used, duplicate ignored
<argument> ...shipout:D \box_use:N \l_shipout_box 
                                                  \__shipout_drop_firstpage_...
l.92 
     
pdfTeX warning (ext4): destination with the same identifier (name{figure.6}) ha
s been already used, duplicate ignored
<argument> ...shipout:D \box_use:N \l_shipout_box 
                                                  \__shipout_drop_firstpage_...
l.92 
      <../../outputs/observational_bias_audit/figures/orbital_permutation_null_
nmi.pdf> <../../outputs/observational_bias_audit/figures/orbital_purity_vs_impu
tation.pdf>]
<../../outputs/observational_bias_audit/figures/orbital_component_method_compos
ition.pdf, id=311, 813.3016pt x 519.99629pt>
File: ../../outputs/observational_bias_audit/figures/orbital_component_method_c
omposition.pdf Graphic file (type pdf)
<use ../../outputs/observational_bias_audit/figures/orbital_component_method_co
mposition.pdf>
Package pdftex.def Info: ../../outputs/observational_bias_audit/figures/orbital
_component_method_composition.pdf  used on input line 95.
(pdftex.def)             Requested size: 422.77664pt x 270.31235pt.
<../../outputs/observational_bias_audit/figures/config_comparison_bias_metrics.
pdf, id=312, 834.99373pt x 943.23804pt>
File: ../../outputs/observational_bias_audit/figures/config_comparison_bias_met
rics.pdf Graphic file (type pdf)
<use ../../outputs/observational_bias_audit/figures/config_comparison_bias_metr
ics.pdf>
Package pdftex.def Info: ../../outputs/observational_bias_audit/figures/config_
comparison_bias_metrics.pdf  used on input line 101.
(pdftex.def)             Requested size: 446.26582pt x 504.13083pt.
 [7
pdfTeX warning (ext4): destination with the same identifier (name{figure.7}) ha
s been already used, duplicate ignored
<argument> ...shipout:D \box_use:N \l_shipout_box 
                                                  \__shipout_drop_firstpage_...
l.104 
      
pdfTeX warning (ext4): destination with the same identifier (name{figure.8}) ha
s been already used, duplicate ignored
<argument> ...shipout:D \box_use:N \l_shipout_box 
                                                  \__shipout_drop_firstpage_...
l.104 
       <../../outputs/observational_bias_audit/figures/orbital_purity_vs_node_s
ize.pdf> <../../outputs/observational_bias_audit/figures/orbital_component_meth
od_composition.pdf>] [8
pdfTeX warning (ext4): destination with the same identifier (name{figure.9}) ha
s been already used, duplicate ignored
<argument> ...shipout:D \box_use:N \l_shipout_box 
                                                  \__shipout_drop_firstpage_...
l.109 
       <../../outputs/observational_bias_audit/figures/config_comparison_bias_m
etrics.pdf>]
(../../outputs/observational_bias_audit/tables/summary_global_bias_metrics.tex
Overfull \hbox (1245.20833pt too wide) in paragraph at lines 4--15
 [][] 
 []

) (../../outputs/observational_bias_audit/tables/top_enriched_nodes.tex
Overfull \hbox (543.02164pt too wide) in paragraph at lines 4--40
 [][] 
 []

) (../../outputs/observational_bias_audit/tables/central_vs_peripheral_bias.tex

Overfull \hbox (392.47229pt too wide) in paragraph at lines 4--20
 [][] 
 []

) [9
pdfTeX warning (ext4): destination with the same identifier (name{table.1}) has
 been already used, duplicate ignored
<argument> ...shipout:D \box_use:N \l_shipout_box 
                                                  \__shipout_drop_firstpage_...
l.122 \end{document}
                    ] [10
pdfTeX warning (ext4): destination with the same identifier (name{table.2}) has
 been already used, duplicate ignored
<argument> ...shipout:D \box_use:N \l_shipout_box 
                                                  \__shipout_drop_firstpage_...
l.122 \end{document}
                    
pdfTeX warning (ext4): destination with the same identifier (name{table.3}) has
 been already used, duplicate ignored
<argument> ...shipout:D \box_use:N \l_shipout_box 
                                                  \__shipout_drop_firstpage_...
l.122 \end{document}
                    ] (main.aux)
 ***********
LaTeX2e <2025-11-01>
L3 programming layer <2026-03-20>
 ***********
Package rerunfilecheck Info: File `main.out' has not changed.
(rerunfilecheck)             Checksum: 502C4E41621F70550677562E145CC18B;1379.
 ) 
Here is how much of TeX's memory you used:
 9963 strings out of 467691
 159650 string characters out of 5414987
 617656 words of memory out of 5000000
 38877 multiletter control sequences out of 15000+600000
 633651 words of font info for 61 fonts, out of 8000000 for 9000
 1141 hyphenation exceptions out of 8191
 75i,9n,79p,462b,453s stack positions out of 10000i,1000n,20000p,200000b,200000s
<C:/Users/herie/AppData/Local/Programs/MiKTeX/fonts/type1/public/amsfonts/cm/
cmbx10.pfb><C:/Users/herie/AppData/Local/Programs/MiKTeX/fonts/type1/public/ams
fonts/cm/cmbx12.pfb><C:/Users/herie/AppData/Local/Programs/MiKTeX/fonts/type1/p
ublic/amsfonts/cm/cmex10.pfb><C:/Users/herie/AppData/Local/Programs/MiKTeX/font
s/type1/public/amsfonts/cm/cmmi10.pfb><C:/Users/herie/AppData/Local/Programs/Mi
KTeX/fonts/type1/public/amsfonts/cm/cmmi8.pfb><C:/Users/herie/AppData/Local/Pro
grams/MiKTeX/fonts/type1/public/amsfonts/cm/cmr10.pfb><C:/Users/herie/AppData/L
ocal/Programs/MiKTeX/fonts/type1/public/amsfonts/cm/cmr17.pfb><C:/Users/herie/A
ppData/Local/Programs/MiKTeX/fonts/type1/public/amsfonts/cm/cmsy10.pfb><C:/User
s/herie/AppData/Local/Programs/MiKTeX/fonts/type1/public/amsfonts/cm/cmtt10.pfb
>
Output written on main.pdf (10 pages, 341311 bytes).
PDF statistics:
 514 PDF objects out of 1000 (max. 8388607)
 35 named destinations out of 1000 (max. 500000)
 134 words of extra memory for PDF output out of 10000 (max. 10000000)

