This is pdfTeX, Version 3.141592653-2.6-1.40.27 (MiKTeX 25.4) (preloaded format=pdflatex 2026.2.25)  27 APR 2026 18:32
entering extended mode
 restricted \write18 enabled.
 file:line:error style messages enabled.
 %&-line parsing enabled.
**c:/Users/narro/Desktop/semestre/planetas/latex/03_mapper/mapper_report.tex
(c:/Users/narro/Desktop/semestre/planetas/latex/03_mapper/mapper_report.tex
LaTeX2e <2025-11-01>
L3 programming layer <2025-10-24>
(C:\Users\narro\AppData\Local\Programs\MiKTeX\tex/latex/base\article.cls
Document Class: article 2025/01/22 v1.4n Standard LaTeX document class
(C:\Users\narro\AppData\Local\Programs\MiKTeX\tex/latex/base\size11.clo
File: size11.clo 2025/01/22 v1.4n Standard LaTeX file (size option)
)
\c@part=\count275
\c@section=\count276
\c@subsection=\count277
\c@subsubsection=\count278
\c@paragraph=\count279
\c@subparagraph=\count280
\c@figure=\count281
\c@table=\count282
\abovecaptionskip=\skip49
\belowcaptionskip=\skip50
\bibindent=\dimen148
) (C:\Users\narro\AppData\Local\Programs\MiKTeX\tex/latex/base\inputenc.sty
Package: inputenc 2024/02/08 v1.3d Input encoding file
\inpenc@prehook=\toks17
\inpenc@posthook=\toks18
) (C:\Users\narro\AppData\Local\Programs\MiKTeX\tex/latex/base\fontenc.sty
Package: fontenc 2025/07/18 v2.1d Standard LaTeX package
) (C:\Users\narro\AppData\Local\Programs\MiKTeX\tex/latex/geometry\geometry.sty
Package: geometry 2020/01/02 v5.9 Page Geometry
 (C:\Users\narro\AppData\Local\Programs\MiKTeX\tex/latex/graphics\keyval.sty
Package: keyval 2022/05/29 v1.15 key=value parser (DPC)
\KV@toks@=\toks19
) (C:\Users\narro\AppData\Local\Programs\MiKTeX\tex/generic/iftex\ifvtex.sty
Package: ifvtex 2019/10/25 v1.7 ifvtex legacy package. Use iftex instead.
 (C:\Users\narro\AppData\Local\Programs\MiKTeX\tex/generic/iftex\iftex.sty
Package: iftex 2024/12/12 v1.0g TeX engine tests
))
\Gm@cnth=\count283
\Gm@cntv=\count284
\c@Gm@tempcnt=\count285
\Gm@bindingoffset=\dimen149
\Gm@wd@mp=\dimen150
\Gm@odd@mp=\dimen151
\Gm@even@mp=\dimen152
\Gm@layoutwidth=\dimen153
\Gm@layoutheight=\dimen154
\Gm@layouthoffset=\dimen155
\Gm@layoutvoffset=\dimen156
\Gm@dimlist=\toks20
 (C:\Users\narro\AppData\Local\Programs\MiKTeX\tex/latex/geometry\geometry.cfg)) (C:\Users\narro\AppData\Local\Programs\MiKTeX\tex/latex/graphics\graphicx.sty
Package: graphicx 2024/12/31 v1.2e Enhanced LaTeX Graphics (DPC,SPQR)
 (C:\Users\narro\AppData\Local\Programs\MiKTeX\tex/latex/graphics\graphics.sty
Package: graphics 2024/08/06 v1.4g Standard LaTeX Graphics (DPC,SPQR)
 (C:\Users\narro\AppData\Local\Programs\MiKTeX\tex/latex/graphics\trig.sty
Package: trig 2023/12/02 v1.11 sin cos tan (DPC)
) (C:\Users\narro\AppData\Local\Programs\MiKTeX\tex/latex/graphics-cfg\graphics.cfg
File: graphics.cfg 2016/06/04 v1.11 sample graphics configuration
)
Package graphics Info: Driver file: pdftex.def on input line 106.
 (C:\Users\narro\AppData\Local\Programs\MiKTeX\tex/latex/graphics-def\pdftex.def
File: pdftex.def 2025/09/29 v1.2d Graphics/color driver for pdftex
))
\Gin@req@height=\dimen157
\Gin@req@width=\dimen158
) (C:\Users\narro\AppData\Local\Programs\MiKTeX\tex/latex/booktabs\booktabs.sty
Package: booktabs 2020/01/12 v1.61803398 Publication quality tables
\heavyrulewidth=\dimen159
\lightrulewidth=\dimen160
\cmidrulewidth=\dimen161
\belowrulesep=\dimen162
\belowbottomsep=\dimen163
\aboverulesep=\dimen164
\abovetopsep=\dimen165
\cmidrulesep=\dimen166
\cmidrulekern=\dimen167
\defaultaddspace=\dimen168
\@cmidla=\count286
\@cmidlb=\count287
\@aboverulesep=\dimen169
\@belowrulesep=\dimen170
\@thisruleclass=\count288
\@lastruleclass=\count289
\@thisrulewidth=\dimen171
) (C:\Users\narro\AppData\Local\Programs\MiKTeX\tex/latex/amsmath\amsmath.sty
Package: amsmath 2025/07/09 v2.17z AMS math features
\@mathmargin=\skip51

For additional information on amsmath, use the `?' option.
(C:\Users\narro\AppData\Local\Programs\MiKTeX\tex/latex/amsmath\amstext.sty
Package: amstext 2024/11/17 v2.01 AMS text
 (C:\Users\narro\AppData\Local\Programs\MiKTeX\tex/latex/amsmath\amsgen.sty
File: amsgen.sty 1999/11/30 v2.0 generic functions
\@emptytoks=\toks21
\ex@=\dimen172
)) (C:\Users\narro\AppData\Local\Programs\MiKTeX\tex/latex/amsmath\amsbsy.sty
Package: amsbsy 1999/11/29 v1.2d Bold Symbols
\pmbraise@=\dimen173
) (C:\Users\narro\AppData\Local\Programs\MiKTeX\tex/latex/amsmath\amsopn.sty
Package: amsopn 2022/04/08 v2.04 operator names
)
\inf@bad=\count290
LaTeX Info: Redefining \frac on input line 233.
\uproot@=\count291
\leftroot@=\count292
LaTeX Info: Redefining \overline on input line 398.
LaTeX Info: Redefining \colon on input line 409.
\classnum@=\count293
\DOTSCASE@=\count294
LaTeX Info: Redefining \ldots on input line 495.
LaTeX Info: Redefining \dots on input line 498.
LaTeX Info: Redefining \cdots on input line 619.
\Mathstrutbox@=\box53
\strutbox@=\box54
LaTeX Info: Redefining \big on input line 721.
LaTeX Info: Redefining \Big on input line 722.
LaTeX Info: Redefining \bigg on input line 723.
LaTeX Info: Redefining \Bigg on input line 724.
\big@size=\dimen174
LaTeX Font Info:    Redeclaring font encoding OML on input line 742.
LaTeX Font Info:    Redeclaring font encoding OMS on input line 743.
\macc@depth=\count295
LaTeX Info: Redefining \bmod on input line 904.
LaTeX Info: Redefining \pmod on input line 909.
LaTeX Info: Redefining \smash on input line 939.
LaTeX Info: Redefining \relbar on input line 969.
LaTeX Info: Redefining \Relbar on input line 970.
\c@MaxMatrixCols=\count296
\dotsspace@=\muskip17
\c@parentequation=\count297
\dspbrk@lvl=\count298
\tag@help=\toks22
\row@=\count299
\column@=\count300
\maxfields@=\count301
\andhelp@=\toks23
\eqnshift@=\dimen175
\alignsep@=\dimen176
\tagshift@=\dimen177
\tagwidth@=\dimen178
\totwidth@=\dimen179
\lineht@=\dimen180
\@envbody=\toks24
\multlinegap=\skip52
\multlinetaggap=\skip53
\mathdisplay@stack=\toks25
LaTeX Info: Redefining \[ on input line 2950.
LaTeX Info: Redefining \] on input line 2951.
) (C:\Users\narro\AppData\Local\Programs\MiKTeX\tex/latex/amsfonts\amssymb.sty
Package: amssymb 2013/01/14 v3.01 AMS font symbols
 (C:\Users\narro\AppData\Local\Programs\MiKTeX\tex/latex/amsfonts\amsfonts.sty
Package: amsfonts 2013/01/14 v3.01 Basic AMSFonts support
\symAMSa=\mathgroup4
\symAMSb=\mathgroup5
LaTeX Font Info:    Redeclaring math symbol \hbar on input line 98.
LaTeX Font Info:    Overwriting math alphabet `\mathfrak' in version `bold'
(Font)                  U/euf/m/n --> U/euf/b/n on input line 106.
)) (C:\Users\narro\AppData\Local\Programs\MiKTeX\tex/latex/hyperref\hyperref.sty
Package: hyperref 2025-07-12 v7.01o Hypertext links for LaTeX
 (C:\Users\narro\AppData\Local\Programs\MiKTeX\tex/latex/kvsetkeys\kvsetkeys.sty
Package: kvsetkeys 2022-10-05 v1.19 Key value parser (HO)
) (C:\Users\narro\AppData\Local\Programs\MiKTeX\tex/generic/kvdefinekeys\kvdefinekeys.sty
Package: kvdefinekeys 2019-12-19 v1.6 Define keys (HO)
) (C:\Users\narro\AppData\Local\Programs\MiKTeX\tex/generic/pdfescape\pdfescape.sty
Package: pdfescape 2019/12/09 v1.15 Implements pdfTeX's escape features (HO)
 (C:\Users\narro\AppData\Local\Programs\MiKTeX\tex/generic/ltxcmds\ltxcmds.sty
Package: ltxcmds 2023-12-04 v1.26 LaTeX kernel commands for general use (HO)
) (C:\Users\narro\AppData\Local\Programs\MiKTeX\tex/generic/pdftexcmds\pdftexcmds.sty
Package: pdftexcmds 2020-06-27 v0.33 Utility functions of pdfTeX for LuaTeX (HO)
 (C:\Users\narro\AppData\Local\Programs\MiKTeX\tex/generic/infwarerr\infwarerr.sty
Package: infwarerr 2019/12/03 v1.5 Providing info/warning/error messages (HO)
)
Package pdftexcmds Info: \pdf@primitive is available.
Package pdftexcmds Info: \pdf@ifprimitive is available.
Package pdftexcmds Info: \pdfdraftmode found.
)) (C:\Users\narro\AppData\Local\Programs\MiKTeX\tex/latex/hycolor\hycolor.sty
Package: hycolor 2020-01-27 v1.10 Color options for hyperref/bookmark (HO)
) (C:\Users\narro\AppData\Local\Programs\MiKTeX\tex/latex/hyperref\nameref.sty
Package: nameref 2025-06-21 v2.57 Cross-referencing by name of section
 (C:\Users\narro\AppData\Local\Programs\MiKTeX\tex/latex/refcount\refcount.sty
Package: refcount 2019/12/15 v3.6 Data extraction from label references (HO)
) (C:\Users\narro\AppData\Local\Programs\MiKTeX\tex/generic/gettitlestring\gettitlestring.sty
Package: gettitlestring 2019/12/15 v1.6 Cleanup title references (HO)
 (C:\Users\narro\AppData\Local\Programs\MiKTeX\tex/latex/kvoptions\kvoptions.sty
Package: kvoptions 2022-06-15 v3.15 Key value format for package options (HO)
))
\c@section@level=\count302
) (C:\Users\narro\AppData\Local\Programs\MiKTeX\tex/latex/etoolbox\etoolbox.sty
Package: etoolbox 2025/10/02 v2.5m e-TeX tools for LaTeX (JAW)
\etb@tempcnta=\count303
) (C:\Users\narro\AppData\Local\Programs\MiKTeX\tex/generic/stringenc\stringenc.sty
Package: stringenc 2019/11/29 v1.12 Convert strings between diff. encodings (HO)
)
\@linkdim=\dimen181
\Hy@linkcounter=\count304
\Hy@pagecounter=\count305
 (C:\Users\narro\AppData\Local\Programs\MiKTeX\tex/latex/hyperref\pd1enc.def
File: pd1enc.def 2025-07-12 v7.01o Hyperref: PDFDocEncoding definition (HO)
Now handling font encoding PD1 ...
... no UTF-8 mapping file for font encoding PD1
) (C:\Users\narro\AppData\Local\Programs\MiKTeX\tex/generic/intcalc\intcalc.sty
Package: intcalc 2019/12/15 v1.3 Expandable calculations with integers (HO)
)
\Hy@SavedSpaceFactor=\count306
 (C:\Users\narro\AppData\Local\Programs\MiKTeX\tex/latex/hyperref\puenc.def
File: puenc.def 2025-07-12 v7.01o Hyperref: PDF Unicode definition (HO)
Now handling font encoding PU ...
... no UTF-8 mapping file for font encoding PU
)
Package hyperref Info: Hyper figures OFF on input line 4195.
Package hyperref Info: Link nesting OFF on input line 4200.
Package hyperref Info: Hyper index ON on input line 4203.
Package hyperref Info: Plain pages OFF on input line 4210.
Package hyperref Info: Backreferencing OFF on input line 4215.
Package hyperref Info: Implicit mode ON; LaTeX internals redefined.
Package hyperref Info: Bookmarks ON on input line 4462.
\c@Hy@tempcnt=\count307
 (C:\Users\narro\AppData\Local\Programs\MiKTeX\tex/latex/url\url.sty
\Urlmuskip=\muskip18
Package: url 2013/09/16  ver 3.4  Verb mode for urls, etc.
)
LaTeX Info: Redefining \url on input line 4801.
\XeTeXLinkMargin=\dimen182
 (C:\Users\narro\AppData\Local\Programs\MiKTeX\tex/generic/bitset\bitset.sty
Package: bitset 2019/12/09 v1.3 Handle bit-vector datatype (HO)
 (C:\Users\narro\AppData\Local\Programs\MiKTeX\tex/generic/bigintcalc\bigintcalc.sty
Package: bigintcalc 2019/12/15 v1.5 Expandable calculations on big integers (HO)
))
\Fld@menulength=\count308
\Field@Width=\dimen183
\Fld@charsize=\dimen184
Package hyperref Info: Hyper figures OFF on input line 6078.
Package hyperref Info: Link nesting OFF on input line 6083.
Package hyperref Info: Hyper index ON on input line 6086.
Package hyperref Info: backreferencing OFF on input line 6093.
Package hyperref Info: Link coloring OFF on input line 6098.
Package hyperref Info: Link coloring with OCG OFF on input line 6103.
Package hyperref Info: PDF/A mode OFF on input line 6108.
\Hy@abspage=\count309
\c@Item=\count310
\c@Hfootnote=\count311
)
Package hyperref Info: Driver (autodetected): hpdftex.
 (C:\Users\narro\AppData\Local\Programs\MiKTeX\tex/latex/hyperref\hpdftex.def
File: hpdftex.def 2025-07-12 v7.01o Hyperref driver for pdfTeX
\Fld@listcount=\count312
\c@bookmark@seq@number=\count313
 (C:\Users\narro\AppData\Local\Programs\MiKTeX\tex/latex/rerunfilecheck\rerunfilecheck.sty
Package: rerunfilecheck 2025-06-21 v1.11 Rerun checks for auxiliary files (HO)
 (C:\Users\narro\AppData\Local\Programs\MiKTeX\tex/generic/uniquecounter\uniquecounter.sty
Package: uniquecounter 2019/12/15 v1.4 Provide unlimited unique counter (HO)
)
Package uniquecounter Info: New unique counter `rerunfilecheck' on input line 284.
)
\Hy@SectionHShift=\skip54
) (C:\Users\narro\AppData\Local\Programs\MiKTeX\tex/latex/float\float.sty
Package: float 2001/11/08 v1.3d Float enhancements (AL)
\c@float@type=\count314
\float@exts=\toks26
\float@box=\box55
\@float@everytoks=\toks27
\@floatcapt=\box56
) (C:\Users\narro\AppData\Local\Programs\MiKTeX\tex/latex/caption\subcaption.sty
Package: subcaption 2023/07/28 v1.6b Sub-captions (AR)
 (C:\Users\narro\AppData\Local\Programs\MiKTeX\tex/latex/caption\caption.sty
Package: caption 2023/08/05 v3.6o Customizing captions (AR)
 (C:\Users\narro\AppData\Local\Programs\MiKTeX\tex/latex/caption\caption3.sty
Package: caption3 2023/07/31 v2.4d caption3 kernel (AR)
\caption@tempdima=\dimen185
\captionmargin=\dimen186
\caption@leftmargin=\dimen187
\caption@rightmargin=\dimen188
\caption@width=\dimen189
\caption@indent=\dimen190
\caption@parindent=\dimen191
\caption@hangindent=\dimen192
Package caption Info: Standard document class detected.
)
\c@caption@flags=\count315
\c@continuedfloat=\count316
Package caption Info: float package is loaded.
Package caption Info: hyperref package is loaded.
)
Package caption Info: New subtype `subfigure' on input line 238.
\c@subfigure=\count317
Package caption Info: New subtype `subtable' on input line 238.
\c@subtable=\count318
) (C:\Users\narro\AppData\Local\Programs\MiKTeX\tex/latex/xcolor\xcolor.sty
Package: xcolor 2024/09/29 v3.02 LaTeX color extensions (UK)
 (C:\Users\narro\AppData\Local\Programs\MiKTeX\tex/latex/graphics-cfg\color.cfg
File: color.cfg 2016/01/02 v1.6 sample color configuration
)
Package xcolor Info: Driver file: pdftex.def on input line 274.
 (C:\Users\narro\AppData\Local\Programs\MiKTeX\tex/latex/graphics\mathcolor.ltx)
Package xcolor Info: Model `cmy' substituted by `cmy0' on input line 1349.
Package xcolor Info: Model `hsb' substituted by `rgb' on input line 1353.
Package xcolor Info: Model `RGB' extended on input line 1365.
Package xcolor Info: Model `HTML' substituted by `rgb' on input line 1367.
Package xcolor Info: Model `Hsb' substituted by `hsb' on input line 1368.
Package xcolor Info: Model `tHsb' substituted by `hsb' on input line 1369.
Package xcolor Info: Model `HSB' substituted by `hsb' on input line 1370.
Package xcolor Info: Model `Gray' substituted by `gray' on input line 1371.
Package xcolor Info: Model `wave' substituted by `hsb' on input line 1372.
) (C:\Users\narro\AppData\Local\Programs\MiKTeX\tex/latex/tools\longtable.sty
Package: longtable 2025-10-13 v4.24 Multi-page Table package (DPC)
\LTleft=\skip55
\LTright=\skip56
\LTpre=\skip57
\LTpost=\skip58
\LTchunksize=\count319
\LTcapwidth=\dimen193
\LT@head=\box57
\LT@firsthead=\box58
\LT@foot=\box59
\LT@lastfoot=\box60
\LT@gbox=\box61
\LT@cols=\count320
\LT@rows=\count321
\c@LT@tables=\count322
\c@LT@chunks=\count323
\LT@p@ftn=\toks28
) (C:\Users\narro\AppData\Local\Programs\MiKTeX\tex/latex/tools\array.sty
Package: array 2025/09/25 v2.6n Tabular extension package (FMi)
\col@sep=\dimen194
\ar@mcellbox=\box62
\extrarowheight=\dimen195
\NC@list=\toks29
\extratabsurround=\skip59
\backup@length=\skip60
\ar@cellbox=\box63
) (C:\Users\narro\AppData\Local\Programs\MiKTeX\tex/latex/placeins\placeins.sty
Package: placeins 2005/04/18  v 2.2
) (C:\Users\narro\AppData\Local\Programs\MiKTeX\tex/latex/pdflscape\pdflscape.sty
Package: pdflscape 2022-10-27 v0.13 Display of landscape pages in PDF
 (C:\Users\narro\AppData\Local\Programs\MiKTeX\tex/latex/pdflscape\pdflscape-nometadata.sty
Package: pdflscape-nometadata 2022-10-28 v0.13 Display of landscape pages in PDF (HO)
 (C:\Users\narro\AppData\Local\Programs\MiKTeX\tex/latex/graphics\lscape.sty
Package: lscape 2020/05/28 v3.02 Landscape Pages (DPC)
)
Package pdflscape Info: Auto-detected driver: pdftex on input line 81.
)) (C:\Users\narro\AppData\Local\Programs\MiKTeX\tex/latex/adjustbox\adjustbox.sty
Package: adjustbox 2025/02/26 v1.3c Adjusting TeX boxes (trim, clip, ...)
 (C:\Users\narro\AppData\Local\Programs\MiKTeX\tex/latex/xkeyval\xkeyval.sty
Package: xkeyval 2022/06/16 v2.9 package option processing (HA)
 (C:\Users\narro\AppData\Local\Programs\MiKTeX\tex/generic/xkeyval\xkeyval.tex (C:\Users\narro\AppData\Local\Programs\MiKTeX\tex/generic/xkeyval\xkvutils.tex
\XKV@toks=\toks30
\XKV@tempa@toks=\toks31
)
\XKV@depth=\count324
File: xkeyval.tex 2014/12/03 v2.7a key=value parser (HA)
)) (C:\Users\narro\AppData\Local\Programs\MiKTeX\tex/latex/adjustbox\adjcalc.sty
Package: adjcalc 2012/05/16 v1.1 Provides advanced setlength with multiple back-ends (calc, etex, pgfmath)
) (C:\Users\narro\AppData\Local\Programs\MiKTeX\tex/latex/adjustbox\trimclip.sty
Package: trimclip 2025/02/21 v1.2a Trim and clip general TeX material
 (C:\Users\narro\AppData\Local\Programs\MiKTeX\tex/latex/collectbox\collectbox.sty
Package: collectbox 2022/10/17 v0.4c Collect macro arguments as boxes
\collectedbox=\box64
)
\tc@llx=\dimen196
\tc@lly=\dimen197
\tc@urx=\dimen198
\tc@ury=\dimen199
Package trimclip Info: Using driver 'tc-pdftex.def'.
 (C:\Users\narro\AppData\Local\Programs\MiKTeX\tex/latex/adjustbox\tc-pdftex.def
File: tc-pdftex.def 2025/02/26 v2.3 Clipping driver for pdftex
))
\adjbox@Width=\dimen256
\adjbox@Height=\dimen257
\adjbox@Depth=\dimen258
\adjbox@Totalheight=\dimen259
\adjbox@pwidth=\dimen260
\adjbox@pheight=\dimen261
\adjbox@pdepth=\dimen262
\adjbox@ptotalheight=\dimen263
 (C:\Users\narro\AppData\Local\Programs\MiKTeX\tex/latex/ifoddpage\ifoddpage.sty
Package: ifoddpage 2022/10/18 v1.2 Conditionals for odd/even page detection
\c@checkoddpage=\count325
) (C:\Users\narro\AppData\Local\Programs\MiKTeX\tex/latex/varwidth\varwidth.sty
Package: varwidth 2009/03/30 ver 0.92;  Variable-width minipages
\@vwid@box=\box65
\sift@deathcycles=\count326
\@vwid@loff=\dimen264
\@vwid@roff=\dimen265
)
==> First Aid for varwidth.sty applied!
) (C:\Users\narro\AppData\Local\Programs\MiKTeX\tex/latex/l3backend\l3backend-pdftex.def
File: l3backend-pdftex.def 2025-10-09 L3 backend support: PDF output (pdfTeX)
\l__color_backend_stack_int=\count327
) (mapper_report.aux)
\openout1 = `mapper_report.aux'.

LaTeX Font Info:    Checking defaults for OML/cmm/m/it on input line 24.
LaTeX Font Info:    ... okay on input line 24.
LaTeX Font Info:    Checking defaults for OMS/cmsy/m/n on input line 24.
LaTeX Font Info:    ... okay on input line 24.
LaTeX Font Info:    Checking defaults for OT1/cmr/m/n on input line 24.
LaTeX Font Info:    ... okay on input line 24.
LaTeX Font Info:    Checking defaults for T1/cmr/m/n on input line 24.
LaTeX Font Info:    ... okay on input line 24.
LaTeX Font Info:    Checking defaults for TS1/cmr/m/n on input line 24.
LaTeX Font Info:    ... okay on input line 24.
LaTeX Font Info:    Checking defaults for OMX/cmex/m/n on input line 24.
LaTeX Font Info:    ... okay on input line 24.
LaTeX Font Info:    Checking defaults for U/cmr/m/n on input line 24.
LaTeX Font Info:    ... okay on input line 24.
LaTeX Font Info:    Checking defaults for PD1/pdf/m/n on input line 24.
LaTeX Font Info:    ... okay on input line 24.
LaTeX Font Info:    Checking defaults for PU/pdf/m/n on input line 24.
LaTeX Font Info:    ... okay on input line 24.

*geometry* driver: auto-detecting
*geometry* detected driver: pdftex
*geometry* verbose mode - [ preamble ] result:
* driver: pdftex
* paper: <default>
* layout: <same size as paper>
* layoutoffset:(h,v)=(0.0pt,0.0pt)
* modes: 
* h-part:(L,W,R)=(72.26999pt, 469.75502pt, 72.26999pt)
* v-part:(T,H,B)=(72.26999pt, 650.43001pt, 72.26999pt)
* \paperwidth=614.295pt
* \paperheight=794.96999pt
* \textwidth=469.75502pt
* \textheight=650.43001pt
* \oddsidemargin=0.0pt
* \evensidemargin=0.0pt
* \topmargin=-37.0pt
* \headheight=12.0pt
* \headsep=25.0pt
* \topskip=11.0pt
* \footskip=30.0pt
* \marginparwidth=59.0pt
* \marginparsep=10.0pt
* \columnsep=10.0pt
* \skip\footins=10.0pt plus 4.0pt minus 2.0pt
* \hoffset=0.0pt
* \voffset=0.0pt
* \mag=1000
* \@twocolumnfalse
* \@twosidefalse
* \@mparswitchfalse
* \@reversemarginfalse
* (1in=72.27pt=25.4mm, 1cm=28.453pt)

(C:\Users\narro\AppData\Local\Programs\MiKTeX\tex/context/base/mkii\supp-pdf.mkii
[Loading MPS to PDF converter (version 2006.09.02).]
\scratchcounter=\count328
\scratchdimen=\dimen266
\scratchbox=\box66
\nofMPsegments=\count329
\nofMParguments=\count330
\everyMPshowfont=\toks32
\MPscratchCnt=\count331
\MPscratchDim=\dimen267
\MPnumerator=\count332
\makeMPintoPDFobject=\count333
\everyMPtoPDFconversion=\toks33
) (C:\Users\narro\AppData\Local\Programs\MiKTeX\tex/latex/epstopdf-pkg\epstopdf-base.sty
Package: epstopdf-base 2020-01-24 v2.11 Base part for package epstopdf
Package epstopdf-base Info: Redefining graphics rule for `.eps' on input line 485.
 (C:\Users\narro\AppData\Local\Programs\MiKTeX\tex/latex/00miktex\epstopdf-sys.cfg
File: epstopdf-sys.cfg 2021/03/18 v2.0 Configuration of epstopdf for MiKTeX
))
Package hyperref Info: Link coloring OFF on input line 24.
 (mapper_report.out) (mapper_report.out)
\@outlinefile=\write3
\openout3 = `mapper_report.out'.

Package caption Info: Begin \AtBeginDocument code.
Package caption Info: longtable package is loaded.
 (C:\Users\narro\AppData\Local\Programs\MiKTeX\tex/latex/caption\ltcaption.sty
Package: ltcaption 2021/01/08 v1.4c longtable captions (AR)
)
Package caption Info: End \AtBeginDocument code.
LaTeX Font Info:    Trying to load font information for U+msa on input line 26.
 (C:\Users\narro\AppData\Local\Programs\MiKTeX\tex/latex/amsfonts\umsa.fd
File: umsa.fd 2013/01/14 v3.01 AMS symbols A
)
LaTeX Font Info:    Trying to load font information for U+msb on input line 26.
 (C:\Users\narro\AppData\Local\Programs\MiKTeX\tex/latex/amsfonts\umsb.fd
File: umsb.fd 2013/01/14 v3.01 AMS symbols B
) (sections/00_abstract.tex) [1

{C:/Users/narro/AppData/Local/MiKTeX/fonts/map/pdftex/pdftex.map}] (sections/00b_executive_resumen.tex [2]) [3] (sections/01_introduction.tex [4]
Overfull \hbox (67.55035pt too wide) detected at line 31
[] \OT1/cmr/m/n/10.95 = [] + [] + [] + []\OML/cmm/m/it/10.95 :
 []

) (sections/02_astrophysical_context.tex
Overfull \hbox (1.26624pt too wide) detected at line 18
[]\OML/cmm/m/it/10.95 ;  [];  [];  [];  [];  [];  []:
 []

[5]
Underfull \hbox (badness 1762) in paragraph at lines 29--30
[]|\T1/cmr/m/n/10 Propiedades físi-cas in-cluyendo
 []


Underfull \hbox (badness 5726) in paragraph at lines 33--33
[]|\T1/cmr/m/n/10 Físicas, or-bitales y tér-mi-cas sin
 []


Underfull \hbox (badness 4181) in paragraph at lines 34--34
[]|\T1/cmr/m/n/10 Físicas, or-bitales y tér-mi-cas con
 []

[6])
Overfull \hbox (13.3631pt too wide) in paragraph at lines 49--35
[]\T1/cmr/m/n/10.95 Finalmente, las eti-que-tas in-ter-pre-ta-ti-vas us-adas en el análi-sis, como \T1/cmtt/m/n/10.95 radius_class\T1/cmr/m/n/10.95 , \T1/cmtt/m/n/10.95 density_class\T1/cmr/m/n/10.95 ,
 []

(sections/03_data_and_imputation.tex [7]
Overfull \hbox (22.87733pt too wide) in paragraph at lines 66--74
 [][] 
 []

[8]
Overfull \hbox (115.65425pt too wide) detected at line 101
[]\OML/cmm/m/it/10.95 ;  [];  [];  [];  [];  []:
 []


Overfull \hbox (38.86674pt too wide) in paragraph at lines 103--104
[]\T1/cmr/m/n/10.95 Estas colum-nas apare-cen es-pe-cial-mente en \T1/cmtt/m/n/10.95 reports/imputation/PSCompPars_imputed_iterative.csv\T1/cmr/m/n/10.95 .
 []


Overfull \hbox (325.01398pt too wide) detected at line 112
[]\OML/cmm/m/it/10.95 ;  [];  [];  [];  [];  []:
 []


Overfull \hbox (86.6224pt too wide) in paragraph at lines 114--115
[]\T1/cmr/m/n/10.95 Estas métri-cas apare-cen en tablas como \T1/cmtt/m/n/10.95 node_physical_interpretation.csv \T1/cmr/m/n/10.95 y \T1/cmtt/m/n/10.95 mapper_node_source_audit.csv\T1/cmr/m/n/10.95 .
 []


Underfull \hbox (badness 5817) in paragraph at lines 129--130
[]|\T1/cmr/m/n/10 Espacio or-bital con-fi-able por im-
 []


Underfull \hbox (badness 4001) in paragraph at lines 130--131
[]|\T1/cmr/m/n/10 Incluye vari-ables tér-mi-cas, por lo
 []


Overfull \hbox (153.84119pt too wide) in paragraph at lines 123--135
 [][] 
 []

[9]
Overfull \hbox (66.28659pt too wide) in paragraph at lines 139--140
\T1/cmr/m/n/10.95 mien-tras que el es-pa-cio tér-mico tiene un riesgo mu-cho mayor. En par-tic-u-lar, \T1/cmtt/m/n/10.95 thermal_pca2_cubes10_overlap0p35
 []

) (sections/04_mapper_methodology.tex [10]
Overfull \hbox (1.26624pt too wide) detected at line 33
[]\OML/cmm/m/it/10.95 ;  [];  [];  [];  [];  [];  []:
 []

[11]
Underfull \hbox (badness 10000) in paragraph at lines 78--79
[]|\T1/cmtt/m/n/10 phys_min\T1/cmr/m/n/10 , \T1/cmtt/m/n/10 phys_density\T1/cmr/m/n/10 , \T1/cmtt/m/n/10 orbital\T1/cmr/m/n/10 , \T1/cmtt/m/n/10 thermal\T1/cmr/m/n/10 ,
 []

[12]) (sections/05_output_reconciliation.tex [13]
Overfull \hbox (84.18176pt too wide) in paragraph at lines 51--52
\T1/cmr/m/n/10.95 qué arte-fac-tos apare-cen o no en las tablas agre-gadas ac-ti-vas. Por su parte, \T1/cmtt/m/n/10.95 mapper_graph_metrics_all_existing.csv
 []

[14]
Overfull \hbox (53.28221pt too wide) in paragraph at lines 65--66
\T1/cmr/m/n/10.95 junto de grafos se-lec-ciona-dos con lente \T1/cmtt/m/n/10.95 pca2\T1/cmr/m/n/10.95 , lis-ta-dos en \T1/cmtt/m/n/10.95 outputs/mapper/tables/main_graph_selection.csv\T1/cmr/m/n/10.95 .
 []

) (sections/06_mapper_results.tex
Underfull \hbox (badness 2050) in paragraph at lines 15--16
[]|\T1/cmr/m/n/10 Estructura con-junta sin
 []


Underfull \hbox (badness 3977) in paragraph at lines 17--18
[]|\T1/cmr/m/n/10 Estructura tér-mica con
 []

[15]
Overfull \hbox (90.35013pt too wide) in paragraph at lines 24--25
[]\T1/cmr/m/n/10.95 Entre los grafos se-lec-ciona-dos, el re-sul-tado es-truc-tural-mente más com-plejo es \T1/cmtt/m/n/10.95 orbital_pca2_cubes10_overlap0p35\T1/cmr/m/n/10.95 .
 []


Overfull \hbox (13.20624pt too wide) in paragraph at lines 38--38
[]|\T1/cmtt/m/n/10 joint_no_density_pca2_cubes10_overlap0p35| 
 []

[16]
Overfull \hbox (10.14009pt too wide) in paragraph at lines 70--71
[]\T1/cmr/m/n/10.95 El re-sul-tado tér-mico debe leerse de forma sep-a-rada. Aunque \T1/cmtt/m/n/10.95 thermal_pca2_cubes10_overlap0p35
 []

) (sections/07_selected_graphs.tex
Overfull \hbox (17.90121pt too wide) in paragraph at lines 24--25
[]|\T1/cmtt/m/n/10 joint_no_density_pca2_cubes10_overlap0p35| 
 []

[17]
LaTeX Font Info:    Font shape `T1/cmtt/bx/n' in size <12> not available
(Font)              Font shape `T1/cmtt/m/n' tried instead on input line 41.
 [18]
Overfull \hbox (4.07896pt too wide) in paragraph at lines 67--68
\T1/cmr/m/n/10.95 mi-cas sin in-cluir den-si-dad. Sus vari-ables son \T1/cmtt/m/n/10.95 pl_rade\T1/cmr/m/n/10.95 , \T1/cmtt/m/n/10.95 pl_bmasse\T1/cmr/m/n/10.95 , \T1/cmtt/m/n/10.95 pl_orbper\T1/cmr/m/n/10.95 , \T1/cmtt/m/n/10.95 pl_orbsmax\T1/cmr/m/n/10.95 , \T1/cmtt/m/n/10.95 pl_insol
 []

[19]) (sections/08_astrophysical_interpretation.tex
Overfull \hbox (84.51984pt too wide) in paragraph at lines 5--6
[]\T1/cmr/m/n/10.95 Las es-truc-turas con in-ter-pretación física más di-recta apare-cen en los grafos \T1/cmtt/m/n/10.95 phys_min_pca2_cubes10_overlap0p35\T1/cmr/m/n/10.95 ,
 []

<figures/astro_main_graphs_by_candidate_population.pdf, id=192, 1373.13pt x 780.55617pt>
File: figures/astro_main_graphs_by_candidate_population.pdf Graphic file (type pdf)
<use figures/astro_main_graphs_by_candidate_population.pdf>
Package pdftex.def Info: figures/astro_main_graphs_by_candidate_population.pdf  used on input line 11.
(pdftex.def)             Requested size: 432.17375pt x 245.66211pt.
[20]
<figures/astro_main_graphs_by_radius_class.pdf, id=198, 1373.13pt x 780.55617pt>
File: figures/astro_main_graphs_by_radius_class.pdf Graphic file (type pdf)
<use figures/astro_main_graphs_by_radius_class.pdf>
Package pdftex.def Info: figures/astro_main_graphs_by_radius_class.pdf  used on input line 18.
(pdftex.def)             Requested size: 432.17375pt x 245.66211pt.
 [21 <./figures/astro_main_graphs_by_candidate_population.pdf> <./figures/astro_main_graphs_by_radius_class.pdf>]
<figures/astro_main_graphs_by_imputation_fraction.pdf, id=279, 1323.29869pt x 719.92462pt>
File: figures/astro_main_graphs_by_imputation_fraction.pdf Graphic file (type pdf)
<use figures/astro_main_graphs_by_imputation_fraction.pdf>
Package pdftex.def Info: figures/astro_main_graphs_by_imputation_fraction.pdf  used on input line 29.
(pdftex.def)             Requested size: 432.17375pt x 235.11519pt.
 [22 <./figures/astro_main_graphs_by_imputation_fraction.pdf>]
Overfull \hbox (69.47325pt too wide) in paragraph at lines 38--39
[]\T1/cmr/m/n/10.95 La es-truc-tura or-bital es el re-sul-tado más im-por-tante del análi-sis. El grafo \T1/cmtt/m/n/10.95 orbital_pca2_cubes10_overlap0p35
 []


Overfull \hbox (20.537pt too wide) in paragraph at lines 40--41
[]\T1/cmr/m/n/10.95 Dentro de la lec-tura or-bital, las eti-que-tas como \T1/cmtt/m/n/10.95 short_period\T1/cmr/m/n/10.95 , \T1/cmtt/m/n/10.95 intermediate_period \T1/cmr/m/n/10.95 y \T1/cmtt/m/n/10.95 long_period
 []

[23]
<figures/astro_main_graphs_by_orbit_class.pdf, id=334, 1373.13pt x 780.55617pt>
File: figures/astro_main_graphs_by_orbit_class.pdf Graphic file (type pdf)
<use figures/astro_main_graphs_by_orbit_class.pdf>
Package pdftex.def Info: figures/astro_main_graphs_by_orbit_class.pdf  used on input line 66.
(pdftex.def)             Requested size: 432.17375pt x 245.66211pt.
 [24]
<figures/astro_orbital_graph_by_orbit_class.pdf, id=340, 787.04353pt x 459.6372pt>
File: figures/astro_orbital_graph_by_orbit_class.pdf Graphic file (type pdf)
<use figures/astro_orbital_graph_by_orbit_class.pdf>
Package pdftex.def Info: figures/astro_orbital_graph_by_orbit_class.pdf  used on input line 73.
(pdftex.def)             Requested size: 366.40834pt x 213.98157pt.
<figures/astro_joint_no_density_graph_by_candidate_population.pdf, id=341, 829.70291pt x 459.6372pt>
File: figures/astro_joint_no_density_graph_by_candidate_population.pdf Graphic file (type pdf)
<use figures/astro_joint_no_density_graph_by_candidate_population.pdf>
Package pdftex.def Info: figures/astro_joint_no_density_graph_by_candidate_population.pdf  used on input line 80.
(pdftex.def)             Requested size: 366.40834pt x 202.98442pt.
 [25 <./figures/astro_main_graphs_by_orbit_class.pdf> <./figures/astro_orbital_graph_by_orbit_class.pdf>]
<figures/astro_thermal_graph_by_thermal_class.pdf, id=418, 738.28325pt x 459.6372pt>
File: figures/astro_thermal_graph_by_thermal_class.pdf Graphic file (type pdf)
<use figures/astro_thermal_graph_by_thermal_class.pdf>
Package pdftex.def Info: figures/astro_thermal_graph_by_thermal_class.pdf  used on input line 87.
(pdftex.def)             Requested size: 366.40834pt x 228.11375pt.
 (tables/table_space_comparison.tex) [26 <./figures/astro_joint_no_density_graph_by_candidate_population.pdf> <./figures/astro_thermal_graph_by_thermal_class.pdf>]) (sections/09_observational_bias_audit.tex [27] [28] (tables/table_top_enriched_nodes.tex)
Overfull \hbox (7.47409pt too wide) in paragraph at lines 60--61
\T1/cmr/m/n/10.95 con frac-ción dom-i-nante de 0.605, y no-dos pe-queńos con pres-en-cia de \T1/cmtt/m/n/10.95 Imaging\T1/cmr/m/n/10.95 , como \T1/cmtt/m/n/10.95 cube32_cluster5\T1/cmr/m/n/10.95 .
 []

(tables/table_component_discovery_bias.tex) [29]) (sections/10_permutation_null_test.tex [30] (tables/table_bias_permutation_null.tex)
Overfull \hbox (54.31456pt too wide) in paragraph at lines 30--31
\T1/cmr/m/n/10.95 lec-ciona-dos. El caso más im-por-tante para la in-ter-pretación del re-porte es \T1/cmtt/m/n/10.95 orbital_pca2_cubes10_overlap0p35\T1/cmr/m/n/10.95 ,
 []

[31]) (sections/11_region_synthesis.tex [32]
<figures/region_class_counts.pdf, id=530, 658.86104pt x 405.916pt>
File: figures/region_class_counts.pdf Graphic file (type pdf)
<use figures/region_class_counts.pdf>
Package pdftex.def Info: figures/region_class_counts.pdf  used on input line 43.
(pdftex.def)             Requested size: 366.40834pt x 225.74437pt.
 [33]
<figures/main_graphs_by_evidence_class.pdf, id=538, 1373.13pt x 788.50584pt>
File: figures/main_graphs_by_evidence_class.pdf Graphic file (type pdf)
<use figures/main_graphs_by_evidence_class.pdf>
Package pdftex.def Info: figures/main_graphs_by_evidence_class.pdf  used on input line 56.
(pdftex.def)             Requested size: 446.26582pt x 256.26137pt.
 [34 <./figures/region_class_counts.pdf>]
<figures/orbital_graph_evidence_class.pdf, id=582, 778.5339pt x 459.6372pt>
File: figures/orbital_graph_evidence_class.pdf Graphic file (type pdf)
<use figures/orbital_graph_evidence_class.pdf>
Package pdftex.def Info: figures/orbital_graph_evidence_class.pdf  used on input line 69.
(pdftex.def)             Requested size: 366.40834pt x 216.31706pt.
 [35 <./figures/main_graphs_by_evidence_class.pdf>]
<figures/orbital_graph_discoverymethod.pdf, id=626, 772.19148pt x 459.6372pt>
File: figures/orbital_graph_discoverymethod.pdf Graphic file (type pdf)
<use figures/orbital_graph_discoverymethod.pdf>
Package pdftex.def Info: figures/orbital_graph_discoverymethod.pdf  used on input line 80.
(pdftex.def)             Requested size: 366.40834pt x 218.0985pt.
 [36 <./figures/orbital_graph_evidence_class.pdf>]
<figures/orbital_graph_imputation.pdf, id=670, 753.08446pt x 465.53424pt>
File: figures/orbital_graph_imputation.pdf Graphic file (type pdf)
<use figures/orbital_graph_imputation.pdf>
Package pdftex.def Info: figures/orbital_graph_imputation.pdf  used on input line 89.
(pdftex.def)             Requested size: 366.40834pt x 226.50838pt.
 [37 <./figures/orbital_graph_discoverymethod.pdf> <./figures/orbital_graph_imputation.pdf>] [38]) (sections/12_limitations.tex) (sections/13_conclusion.tex) [39] (tables/table_lens_sensitivity.tex) [40


] (mapper_report.aux)
 ***********
LaTeX2e <2025-11-01>
L3 programming layer <2025-10-24>
 ***********
Package rerunfilecheck Info: File `mapper_report.out' has not changed.
(rerunfilecheck)             Checksum: 41A6F378193677E3EF0CA29D69B5B9DB;2782.
 ) 
Here is how much of TeX's memory you used:
 14219 strings out of 467871
 233463 string characters out of 5418376
 664729 words of memory out of 5000000
 42699 multiletter control sequences out of 15000+600000
 650203 words of font info for 100 fonts, out of 8000000 for 9000
 1141 hyphenation exceptions out of 8191
 75i,14n,79p,1084b,520s stack positions out of 10000i,1000n,20000p,200000b,200000s
 <C:\Users\narro\AppData\Local\MiKTeX\fonts/pk/ljfour/jknappen/ec/dpi600\ecrm0900.pk> <C:\Users\narro\AppData\Local\MiKTeX\fonts/pk/ljfour/jknappen/ec/dpi600\ecrm0800.pk> <C:\Users\narro\AppData\Local\MiKTeX\fonts/pk/ljfour/jknappen/ec/dpi600\ectt1200.pk> <C:\Users\narro\AppData\Local\MiKTeX\fonts/pk/ljfour/jknappen/ec/dpi600\ecti1095.pk> <C:\Users\narro\AppData\Local\MiKTeX\fonts/pk/ljfour/jknappen/ec/dpi600\tcrm1095.pk> <C:\Users\narro\AppData\Local\MiKTeX\fonts/pk/ljfour/jknappen/ec/dpi600\ecbx1095.pk> <C:\Users\narro\AppData\Local\MiKTeX\fonts/pk/ljfour/jknappen/ec/dpi600\ecbx1200.pk> <C:\Users\narro\AppData\Local\MiKTeX\fonts/pk/ljfour/jknappen/ec/dpi600\ectt1095.pk> <C:\Users\narro\AppData\Local\MiKTeX\fonts/pk/ljfour/jknappen/ec/dpi600\ecbx1440.pk> <C:\Users\narro\AppData\Local\MiKTeX\fonts/pk/ljfour/jknappen/ec/dpi600\ecrm1095.pk> <C:\Users\narro\AppData\Local\MiKTeX\fonts/pk/ljfour/jknappen/ec/dpi600\ectt1000.pk> <C:\Users\narro\AppData\Local\MiKTeX\fonts/pk/ljfour/jknappen/ec/dpi600\ecrm1000.pk> <C:\Users\narro\AppData\Local\MiKTeX\fonts/pk/ljfour/jknappen/ec/dpi600\ecbx1000.pk> <C:\Users\narro\AppData\Local\MiKTeX\fonts/pk/ljfour/jknappen/ec/dpi600\ecrm1728.pk><C:/Users/narro/AppData/Local/Programs/MiKTeX/fonts/type1/public/amsfonts/cm/cmbx7.pfb><C:/Users/narro/AppData/Local/Programs/MiKTeX/fonts/type1/public/amsfonts/cm/cmex10.pfb><C:/Users/narro/AppData/Local/Programs/MiKTeX/fonts/type1/public/amsfonts/cm/cmmi10.pfb><C:/Users/narro/AppData/Local/Programs/MiKTeX/fonts/type1/public/amsfonts/cm/cmmi8.pfb><C:/Users/narro/AppData/Local/Programs/MiKTeX/fonts/type1/public/amsfonts/cm/cmmib10.pfb><C:/Users/narro/AppData/Local/Programs/MiKTeX/fonts/type1/public/amsfonts/cm/cmr10.pfb><C:/Users/narro/AppData/Local/Programs/MiKTeX/fonts/type1/public/amsfonts/cm/cmr7.pfb><C:/Users/narro/AppData/Local/Programs/MiKTeX/fonts/type1/public/amsfonts/cm/cmr8.pfb><C:/Users/narro/AppData/Local/Programs/MiKTeX/fonts/type1/public/amsfonts/cm/cmsy10.pfb><C:/Users/narro/AppData/Local/Programs/MiKTeX/fonts/type1/public/amsfonts/symbols/msbm10.pfb>
Output written on mapper_report.pdf (40 pages, 1019866 bytes).
PDF statistics:
 1373 PDF objects out of 1440 (max. 8388607)
 114 named destinations out of 1000 (max. 500000)
 173 words of extra memory for PDF output out of 10000 (max. 10000000)

