\BOOKMARK [1][-]{section.1}{\376\377\000R\000e\000s\000u\000m\000e\000n\000\040\000e\000j\000e\000c\000u\000t\000i\000v\000o}{}% 1
\BOOKMARK [1][-]{section.2}{\376\377\000O\000b\000j\000e\000t\000i\000v\000o\000\040\000e\000s\000t\000a\000d\000i\000s\000t\000i\000c\000o\000\040\000y\000\040\000a\000d\000v\000e\000r\000t\000e\000n\000c\000i\000a\000\040\000e\000p\000i\000s\000t\000e\000m\000i\000c\000a}{}% 2
\BOOKMARK [1][-]{section.3}{\376\377\000E\000n\000t\000r\000a\000d\000a\000,\000\040\000s\000a\000l\000i\000d\000a\000\040\000y\000\040\000c\000o\000n\000f\000i\000g\000u\000r\000a\000c\000i\000o\000n}{}% 3
\BOOKMARK [1][-]{section.4}{\376\377\000P\000a\000s\000o\000\040\0001\000:\000\040\000s\000e\000l\000e\000c\000c\000i\000o\000n\000\040\000d\000e\000\040\000v\000a\000r\000i\000a\000b\000l\000e\000s}{}% 4
\BOOKMARK [1][-]{section.5}{\376\377\000P\000a\000s\000o\000\040\0002\000:\000\040\000d\000e\000r\000i\000v\000a\000c\000i\000o\000n\000\040\000f\000i\000s\000i\000c\000a\000\040\000a\000n\000t\000e\000s\000\040\000d\000e\000\040\000i\000m\000p\000u\000t\000a\000r}{}% 5
\BOOKMARK [2][-]{subsection.5.1}{\376\377\000D\000e\000n\000s\000i\000d\000a\000d\000\040\000p\000l\000a\000n\000e\000t\000a\000r\000i\000a}{section.5}% 6
\BOOKMARK [2][-]{subsection.5.2}{\376\377\000S\000e\000m\000i\000e\000j\000e\000\040\000m\000a\000y\000o\000r\000\040\000p\000o\000r\000\040\000l\000e\000y\000\040\000d\000e\000\040\000K\000e\000p\000l\000e\000r}{section.5}% 7
\BOOKMARK [1][-]{section.6}{\376\377\000P\000a\000s\000o\000\040\0003\000:\000\040\000a\000u\000d\000i\000t\000o\000r\000i\000a\000\040\000d\000e\000\040\000f\000a\000l\000t\000a\000n\000t\000e\000s}{}% 8
\BOOKMARK [1][-]{section.7}{\376\377\000P\000a\000s\000o\000\040\0004\000:\000\040\000t\000r\000a\000n\000s\000f\000o\000r\000m\000a\000c\000i\000o\000n\000\040\000l\000o\000g\000a\000r\000i\000t\000m\000i\000c\000a}{}% 9
\BOOKMARK [1][-]{section.8}{\376\377\000P\000a\000s\000o\000\040\0005\000:\000\040\000e\000s\000c\000a\000l\000a\000d\000o\000\040\000r\000o\000b\000u\000s\000t\000o}{}% 10
\BOOKMARK [1][-]{section.9}{\376\377\000P\000a\000s\000o\000\040\0006\000:\000\040\000i\000m\000p\000u\000t\000a\000d\000o\000r\000e\000s\000\040\000c\000o\000m\000p\000a\000r\000a\000d\000o\000s}{}% 11
\BOOKMARK [2][-]{subsection.9.1}{\376\377\000B\000a\000s\000e\000l\000i\000n\000e\000\040\000d\000e\000\040\000m\000e\000d\000i\000a\000n\000a}{section.9}% 12
\BOOKMARK [2][-]{subsection.9.2}{\376\377\000K\000N\000N}{section.9}% 13
\BOOKMARK [2][-]{subsection.9.3}{\376\377\000I\000t\000e\000r\000a\000t\000i\000v\000e\000I\000m\000p\000u\000t\000e\000r}{section.9}% 14
\BOOKMARK [1][-]{section.10}{\376\377\000P\000a\000s\000o\000\040\0007\000:\000\040\000i\000n\000v\000e\000r\000s\000i\000o\000n\000\040\000d\000e\000\040\000e\000s\000c\000a\000l\000a}{}% 15
\BOOKMARK [1][-]{section.11}{\376\377\000P\000a\000s\000o\000\040\0008\000:\000\040\000t\000r\000a\000z\000a\000b\000i\000l\000i\000d\000a\000d\000\040\000d\000e\000\040\000f\000u\000e\000n\000t\000e\000s}{}% 16
\BOOKMARK [1][-]{section.12}{\376\377\000P\000a\000s\000o\000\040\0009\000:\000\040\000v\000a\000l\000i\000d\000a\000c\000i\000o\000n\000\040\000e\000n\000m\000a\000s\000c\000a\000r\000a\000d\000a}{}% 17
\BOOKMARK [2][-]{subsection.12.1}{\376\377\000M\000e\000t\000r\000i\000c\000a\000s\000\040\000d\000e\000\040\000v\000a\000l\000i\000d\000a\000c\000i\000o\000n\000\040\000p\000a\000r\000a\000\040\000i\000t\000e\000r\000a\000t\000i\000v\000e}{section.12}% 18
\BOOKMARK [1][-]{section.13}{\376\377\000P\000a\000s\000o\000\040\0001\0000\000:\000\040\000s\000e\000l\000e\000c\000c\000i\000o\000n\000\040\000d\000e\000l\000\040\000m\000e\000t\000o\000d\000o\000\040\000v\000i\000s\000u\000a\000l\000i\000z\000a\000d\000o}{}% 19
\BOOKMARK [1][-]{section.14}{\376\377\000P\000a\000s\000o\000\040\0001\0001\000:\000\040\000c\000o\000b\000e\000r\000t\000u\000r\000a\000\040\000M\000a\000p\000p\000e\000r}{}% 20
\BOOKMARK [1][-]{section.15}{\376\377\000I\000n\000t\000e\000r\000p\000r\000e\000t\000a\000c\000i\000o\000n\000\040\000d\000e\000\040\000l\000o\000s\000\040\000P\000D\000F\000s\000\040\000g\000e\000n\000e\000r\000a\000d\000o\000s}{}% 21
\BOOKMARK [2][-]{subsection.15.1}{\376\377\0000\0001\000\137\000m\000i\000s\000s\000i\000n\000g\000n\000e\000s\000s\000\137\000b\000e\000f\000o\000r\000e\000\137\000a\000f\000t\000e\000r\000.\000p\000d\000f}{section.15}% 22
\BOOKMARK [2][-]{subsection.15.2}{\376\377\0000\0002\000\137\000v\000a\000l\000u\000e\000\137\000s\000o\000u\000r\000c\000e\000\137\000c\000o\000m\000p\000o\000s\000i\000t\000i\000o\000n\000.\000p\000d\000f}{section.15}% 23
\BOOKMARK [2][-]{subsection.15.3}{\376\377\0000\0003\000\137\000m\000a\000p\000p\000e\000r\000\137\000c\000o\000v\000e\000r\000a\000g\000e\000.\000p\000d\000f}{section.15}% 24
\BOOKMARK [2][-]{subsection.15.4}{\376\377\0000\0004\000\137\000m\000a\000s\000k\000e\000d\000\137\000v\000a\000l\000i\000d\000a\000t\000i\000o\000n\000\137\000m\000a\000e\000\137\000b\000y\000\137\000f\000e\000a\000t\000u\000r\000e\000.\000p\000d\000f}{section.15}% 25
\BOOKMARK [2][-]{subsection.15.5}{\376\377\0000\0005\000\137\000m\000a\000s\000k\000e\000d\000\137\000v\000a\000l\000i\000d\000a\000t\000i\000o\000n\000\137\000s\000p\000e\000a\000r\000m\000a\000n\000\137\000h\000e\000a\000t\000m\000a\000p\000.\000p\000d\000f}{section.15}% 26
\BOOKMARK [2][-]{subsection.15.6}{\376\377\0000\0006\000\137\000m\000e\000t\000h\000o\000d\000\137\000c\000o\000m\000p\000a\000r\000i\000s\000o\000n\000.\000p\000d\000f}{section.15}% 27
\BOOKMARK [2][-]{subsection.15.7}{\376\377\000P\000D\000F\000s\000\040\0000\0007\040\023\0001\0003\000:\000\040\000d\000i\000s\000t\000r\000i\000b\000u\000c\000i\000o\000n\000e\000s\000\040\000u\000n\000i\000v\000a\000r\000i\000a\000d\000a\000s}{section.15}% 28
\BOOKMARK [2][-]{subsection.15.8}{\376\377\000P\000D\000F\000s\000\040\0001\0004\040\023\0001\0007\000:\000\040\000s\000c\000a\000t\000t\000e\000r\000\040\000c\000h\000e\000c\000k\000s\000\040\000b\000i\000v\000a\000r\000i\000a\000d\000o\000s}{section.15}% 29
\BOOKMARK [1][-]{section.16}{\376\377\000L\000e\000c\000t\000u\000r\000a\000\040\000d\000e\000\040\000t\000a\000b\000l\000a\000s\000\040\000e\000x\000p\000o\000r\000t\000a\000d\000a\000s}{}% 30
\BOOKMARK [2][-]{subsection.16.1}{\376\377\000i\000m\000p\000u\000t\000a\000t\000i\000o\000n\000\137\000m\000e\000t\000h\000o\000d\000\137\000c\000o\000m\000p\000a\000r\000i\000s\000o\000n}{section.16}% 31
\BOOKMARK [2][-]{subsection.16.2}{\376\377\000i\000m\000p\000u\000t\000a\000t\000i\000o\000n\000\137\000v\000a\000l\000i\000d\000a\000t\000i\000o\000n\000\137\000m\000e\000t\000r\000i\000c\000s}{section.16}% 32
\BOOKMARK [2][-]{subsection.16.3}{\376\377\000i\000m\000p\000u\000t\000a\000t\000i\000o\000n\000\137\000v\000a\000l\000u\000e\000\137\000s\000o\000u\000r\000c\000e\000\137\000c\000o\000m\000p\000o\000s\000i\000t\000i\000o\000n}{section.16}% 33
\BOOKMARK [2][-]{subsection.16.4}{\376\377\000i\000m\000p\000u\000t\000a\000t\000i\000o\000n\000\137\000m\000i\000s\000s\000i\000n\000g\000n\000e\000s\000s\000\137\000s\000u\000m\000m\000a\000r\000y}{section.16}% 34
\BOOKMARK [2][-]{subsection.16.5}{\376\377\000m\000a\000p\000p\000e\000r\000\137\000c\000o\000v\000e\000r\000a\000g\000e\000\137\000s\000u\000m\000m\000a\000r\000y}{section.16}% 35
\BOOKMARK [1][-]{section.17}{\376\377\000I\000m\000p\000l\000i\000c\000a\000c\000i\000o\000n\000e\000s\000\040\000p\000a\000r\000a\000\040\000M\000a\000p\000p\000e\000r\000/\000T\000D\000A}{}% 36
\BOOKMARK [1][-]{section.18}{\376\377\000C\000r\000i\000t\000e\000r\000i\000o\000s\000\040\000d\000e\000\040\000a\000c\000e\000p\000t\000a\000c\000i\000o\000n\000\040\000c\000u\000m\000p\000l\000i\000d\000o\000s}{}% 37
\BOOKMARK [1][-]{section.19}{\376\377\000A\000d\000v\000e\000r\000t\000e\000n\000c\000i\000a\000s\000\040\000n\000o\000\040\000b\000l\000o\000q\000u\000e\000a\000n\000t\000e\000s}{}% 38
\BOOKMARK [1][-]{section.20}{\376\377\000C\000o\000n\000c\000l\000u\000s\000i\000o\000n\000e\000s}{}% 39
\BOOKMARK [1][-]{appendix.Alph1}{\376\377\000R\000u\000t\000a\000s\000\040\000d\000e\000\040\000a\000r\000t\000e\000f\000a\000c\000t\000o\000s}{}% 40
\BOOKMARK [1][-]{appendix.Alph2}{\376\377\000I\000n\000v\000e\000n\000t\000a\000r\000i\000o\000\040\000d\000e\000\040\000P\000D\000F\000s}{}% 41
